<?xml version="1.0" encoding="UTF-8"?>
<testsuite name="testSuite.NotesTest" tests="1" skipped="0" failures="0" errors="0" timestamp="2023-10-31T19:55:18" hostname="DESKTOP-6R1SD89" time="47.913">
  <properties/>
  <testcase name="deleteNoteTest()" classname="testSuite.NotesTest" time="47.913"/>
  <system-out><![CDATA[]]></system-out>
  <system-err><![CDATA[]]></system-err>
</testsuite>
